<?xml version="1.0" encoding="UTF-8" ?>
<testsuite errors="0" failures="0" hostname="dluksarin05871" name="com.wm.TradeTests" tests="1" time="0.057" timestamp="2013-04-29T06:34:23">
  <properties />
  <testcase classname="com.wm.TradeTests" name="testSomething" time="0.055" />
  <system-out><![CDATA[--Output from testSomething--
]]></system-out>
  <system-err><![CDATA[--Output from testSomething--
]]></system-err>
</testsuite>
