<?xml version="1.0" encoding="UTF-8" ?>
<testsuite errors="0" failures="0" hostname="dluksarin05871" name="com.wm.ProductControllerTests" tests="2" time="3.851" timestamp="2013-04-30T09:25:43">
  <properties />
  <testcase classname="com.wm.ProductControllerTests" name="testSearchProductbyProductType" time="2.648" />
  <testcase classname="com.wm.ProductControllerTests" name="testCreateProductService" time="1.093" />
  <system-out><![CDATA[--Output from testSearchProductbyProductType--
--Output from testCreateProductService--
]]></system-out>
  <system-err><![CDATA[--Output from testSearchProductbyProductType--
--Output from testCreateProductService--
]]></system-err>
</testsuite>
