<?xml version="1.0" encoding="UTF-8" ?>
<testsuite errors="0" failures="0" hostname="dluksarin05871" name="com.wm.ProductControllerTests" tests="2" time="2.325" timestamp="2013-04-29T06:34:19">
  <properties />
  <testcase classname="com.wm.ProductControllerTests" name="testSearchProductbyProductType" time="1.96" />
  <testcase classname="com.wm.ProductControllerTests" name="testCreateProductService" time="0.248" />
  <system-out><![CDATA[--Output from testSearchProductbyProductType--
--Output from testCreateProductService--
]]></system-out>
  <system-err><![CDATA[--Output from testSearchProductbyProductType--
--Output from testCreateProductService--
]]></system-err>
</testsuite>
